<?xml version="1.0" encoding="UTF-8"?>
<!-- Generated by org.testng.reporters.JUnitXMLReporter -->
<testsuite hostname="ATMECSINLT-085" ignored="0" name="Test validate CHROMEcom.atmecs.mysqlAssessment.testscripts.TestVerifyHeatClinic" tests="1" failures="0" timestamp="15 Nov 2019 09:58:34 GMT" time="35.012" errors="0">
  <testcase name="verifyHeatClinic" time="19.557" classname="com.atmecs.mysqlAssessment.testscripts.TestVerifyHeatClinic"/>
</testsuite> <!-- Test validate CHROMEcom.atmecs.mysqlAssessment.testscripts.TestVerifyHeatClinic -->
