<?xml version="1.0" encoding="UTF-8"?>
<testng-results skipped="0" failed="0" ignored="0" total="1" passed="1">
  <reporter-output>
  </reporter-output>
  <suite name="Default suite" duration-ms="61469" started-at="2019-11-15T10:01:06Z" finished-at="2019-11-15T10:02:07Z">
    <groups>
    </groups>
    <test name="Default test" duration-ms="61469" started-at="2019-11-15T10:01:06Z" finished-at="2019-11-15T10:02:07Z">
      <class name="com.atmecs.mysqlAssessment.testbase.TestNGPrallel">
        <test-method status="PASS" signature="xmlsuite()[pri:0, instance:com.atmecs.mysqlAssessment.testbase.TestNGPrallel@6a4f787b]" name="xmlsuite" duration-ms="61422" started-at="2019-11-15T10:01:06Z" finished-at="2019-11-15T10:02:07Z">
          <reporter-output>
          </reporter-output>
        </test-method> <!-- xmlsuite -->
      </class> <!-- com.atmecs.mysqlAssessment.testbase.TestNGPrallel -->
    </test> <!-- Default test -->
  </suite> <!-- Default suite -->
</testng-results>
